<?xml version="1.0" encoding="UTF-8"?>
<!-- Generated by org.testng.reporters.JUnitXMLReporter -->
<testsuite ignored="0" hostname="LAPTOP-6UUU38K3" failures="0" tests="5" name="Default test" time="17.023" errors="0" timestamp="2022-11-18T13:39:11 IST">
  <testcase classname="com.Testlayer.Imdbtest" name="searchonimdb" time="0.281"/>
  <testcase classname="com.Testlayer.Imdbtest" name="clickonthesearchbtn" time="4.906"/>
  <testcase classname="com.Testlayer.Imdbtest" name="scrolldownatdetails" time="0.403"/>
  <testcase classname="com.Testlayer.Imdbtest" name="validatereleasedate" time="0.509"/>
  <testcase classname="com.Testlayer.Imdbtest" name="validatecountry" time="0.094"/>
</testsuite> <!-- Default test -->
